<?xml version="1.0" encoding="UTF-8"?>
<testsuite name="com.mindtree.fsmmindtree.Apptest2" tests="1" skipped="0" failures="0" errors="0" timestamp="2017-04-03T15:39:27" hostname="ip-172-31-5-121" time="0.001">
  <properties/>
  <testcase name="addition_isCorrect" classname="com.mindtree.fsmmindtree.Apptest2" time="0.001"/>
  <system-out><![CDATA[]]></system-out>
  <system-err><![CDATA[]]></system-err>
</testsuite>
