<?xml version="1.0" encoding="UTF-8"?>
<testsuite name="com.mindtree.fsmmindtree.Apptest3" tests="2" skipped="0" failures="0" errors="0" timestamp="2017-04-03T15:39:31" hostname="ip-172-31-5-121" time="0.232">
  <properties/>
  <testcase name="logInUserTestHappyFlow" classname="com.mindtree.fsmmindtree.Apptest3" time="0.212"/>
  <testcase name="logInUserTestApiFlow" classname="com.mindtree.fsmmindtree.Apptest3" time="0.019"/>
  <system-out><![CDATA[]]></system-out>
  <system-err><![CDATA[]]></system-err>
</testsuite>
